<?xml version="1.0" encoding="UTF-8"?>
<testsuite xmlns:xsi="http://www.w3.org/2001/XMLSchema-instance" xsi:noNamespaceSchemaLocation="https://maven.apache.org/surefire/maven-surefire-plugin/xsd/surefire-test-report.xsd" name="br.ce.wcaquino.tasks.functional.TasksTest" time="13.107" tests="4" errors="0" skipped="0" failures="0">
  <properties>
[...]
</properties>
  <testcase name="naoDeveSalvarComDataPassada" classname="br.ce.wcaquino.tasks.functional.TasksTest" time="11.159"/>
  <testcase name="deveSalvarTarefaSemData" classname="br.ce.wcaquino.tasks.functional.TasksTest" time="13.106"/>
  <testcase name="deveSalvarTarefaComSucesso" classname="br.ce.wcaquino.tasks.functional.TasksTest" time="11.428"/>
  <testcase name="naoDeveSalvarTarefaSemDescricao" classname="br.ce.wcaquino.tasks.functional.TasksTest" time="12.878"/>
</testsuite>